Arguments: 
  C:\Program Files (x86)\nodejs\node.exe C:\Users\kingo\AppData\Roaming\npm\node_modules\yarn\bin\yarn.js add cors

PATH: 
  C:\Users\kingo\bin;C:\Program Files\Git\mingw64\bin;C:\Program Files\Git\usr\local\bin;C:\Program Files\Git\usr\bin;C:\Program Files\Git\usr\bin;C:\Program Files\Git\mingw64\bin;C:\Program Files\Git\usr\bin;C:\Users\kingo\bin;C:\WINDOWS\system32;C:\WINDOWS;C:\WINDOWS\System32\Wbem;C:\WINDOWS\System32\WindowsPowerShell\v1.0;C:\WINDOWS\System32\OpenSSH;C:\Program Files\Git\cmd;C:\Program Files\TortoiseGit\bin;C:\xampp\php;C:\composer;C:\Program Files (x86)\nodejs;C:\Users\kingo\AppData\Local\Microsoft\WindowsApps;C:\Users\kingo\AppData\Local\Programs\Microsoft VS Code\bin;C:\Users\kingo\AppData\Roaming\Composer\vendor\bin;C:\Users\kingo\AppData\Roaming\npm;C:\Users\kingo\AppData\Local\Google\Cloud SDK\google-cloud-sdk\bin;C:\Program Files\heroku\bin;C:\Program Files\Git\usr\bin\vendor_perl;C:\Program Files\Git\usr\bin\core_perl

Yarn version: 
  1.22.11

Node version: 
  14.17.0

Platform: 
  win32 ia32

Trace: 
  Error: EPERM: operation not permitted, unlink 'E:\nam 4\project\project_web52_mindx\tnd__todoapp-BE\TND__TODOAPP\node_modules\bcrypt\lib\binding\napi-v3\bcrypt_lib.node'

npm manifest: 
  {
    "name": "lion",
    "version": "1.0.0",
    "main": "index.js",
    "license": "MIT",
    "dependencies": {
      "bcrypt": "^5.0.1",
      "body-parser": "^1.18.2",
      "dotenv": "^5.0.1",
      "express": "^4.16.3",
      "jsonwebtoken": "^8.2.1",
      "mocha": "^5.1.1",
      "mongoose": "^5.12.3",
      "nodemon": "^1.17.3",
      "rand-token": "^0.4.0",
      "uuid": "^8.3.2"
    },
    "scripts": {
      "dev": "nodemon ./app.js",
      "start": "nodemon ./app.js"
    }
  }

yarn manifest: 
  No manifest

Lockfile: 
  No lockfile
